[debug] [2022-05-13T11:39:01.643Z] ----------------------------------------------------------------------
[debug] [2022-05-13T11:39:01.646Z] Command:       C:\Program Files\nodejs\node.exe C:\Users\itisv\AppData\Roaming\npm\node_modules\firebase-tools\lib\bin\firebase.js login
[debug] [2022-05-13T11:39:01.647Z] CLI Version:   8.15.0
[debug] [2022-05-13T11:39:01.647Z] Platform:      win32
[debug] [2022-05-13T11:39:01.648Z] Node Version:  v18.0.0
[debug] [2022-05-13T11:39:01.649Z] Time:          Fri May 13 2022 17:09:01 GMT+0530 (India Standard Time)
[debug] [2022-05-13T11:39:01.649Z] ----------------------------------------------------------------------
[debug] [2022-05-13T11:39:01.650Z] 
[info] i  Firebase optionally collects CLI usage and error reporting information to help improve our products. Data is collected in accordance with Google's privacy policy (https://policies.google.com/privacy) and is not used to identify you.
 
[info] i  To change your data collection preference at any time, run `firebase logout` and log in again. 
[info] 
[info] Visit this URL on this device to log in:
[info] https://accounts.google.com/o/oauth2/auth?client_id=563584335869-fgrhgmd47bqnekij5i8b5pr03ho849e6.apps.googleusercontent.com&scope=email%20openid%20https%3A%2F%2Fwww.googleapis.com%2Fauth%2Fcloudplatformprojects.readonly%20https%3A%2F%2Fwww.googleapis.com%2Fauth%2Ffirebase%20https%3A%2F%2Fwww.googleapis.com%2Fauth%2Fcloud-platform&response_type=code&state=291180318&redirect_uri=http%3A%2F%2Flocalhost%3A9005
[info] 
[info] Waiting for authentication...
[debug] [2022-05-13T11:39:12.966Z] >>> HTTP REQUEST POST https://accounts.google.com/o/oauth2/token  
 {"code":"4/0AX4XfWi3e2IqRiLybQ2ZNwNIir_16qvN9r5xp9qFjVZp8G-dH3m7FREO0n0vFw_Gi9L0Vw","client_id":"563584335869-fgrhgmd47bqnekij5i8b5pr03ho849e6.apps.googleusercontent.com","client_secret":"j9iVZfS8kkCEFUPaAeJV0sAi","redirect_uri":"http://localhost:9005","grant_type":"authorization_code"}
[debug] [2022-05-13T11:39:34.031Z] Token Fetch Error: FirebaseError: Server Error. connect ETIMEDOUT 2404:6800:4009:82e::200d:443
    at Request._callback (C:\Users\itisv\AppData\Roaming\npm\node_modules\firebase-tools\lib\api.js:32:31)
    at self.callback (C:\Users\itisv\AppData\Roaming\npm\node_modules\firebase-tools\node_modules\request\request.js:185:22)
    at Request.emit (node:events:527:28)
    at Request.emit (node:domain:475:12)
    at Request.onRequestError (C:\Users\itisv\AppData\Roaming\npm\node_modules\firebase-tools\node_modules\request\request.js:877:8)
    at ClientRequest.emit (node:events:527:28)
    at ClientRequest.emit (node:domain:475:12)
    at TLSSocket.socketErrorListener (node:_http_client:454:9)
    at TLSSocket.emit (node:events:527:28)
    at TLSSocket.emit (node:domain:475:12)
    at emitErrorNT (node:internal/streams/destroy:151:8)
    at emitErrorCloseNT (node:internal/streams/destroy:116:3)
    at process.processTicksAndRejections (node:internal/process/task_queues:82:21)
